#
# A fatal error has been detected by the Java Runtime Environment:
#
#  Internal Error (javaClasses.cpp:129), pid=7342, tid=3060194112
#  fatal error: Invalid layout of preloaded class
#
# JRE version: 7.0_25-b30
# Java VM: OpenJDK Server VM (23.7-b01 mixed mode linux-x86 )
# Failed to write core dump. Core dumps have been disabled. To enable core dumping, try "ulimit -c unlimited" before starting Java again
#
# If you would like to submit a bug report, please include
# instructions on how to reproduce the bug and visit:
#   https://bugs.launchpad.net/ubuntu/+source/openjdk-7/
#

---------------  T H R E A D  ---------------

Current thread (0xb6506800):  JavaThread "Unknown thread" [_thread_in_vm, id=7344, stack(0xb661d000,0xb666e000)]

Stack: [0xb661d000,0xb666e000]

[error occurred during error reporting (printing native stack), id 0xb]


---------------  P R O C E S S  ---------------

Java Threads: ( => current thread )

Other Threads:

=>0xb6506800 (exited) JavaThread "Unknown thread" [_thread_in_vm, id=7344, stack(0xb661d000,0xb666e000)]

VM state:not at safepoint (not fully initialized)

VM Mutex/Monitor currently owned by a thread: None

GC Heap History (0 events):
No events

Deoptimization events (0 events):
No events

Internal exceptions (0 events):
No events

Events (10 events):
Event: 0.013 loading class 0xb65319e0 done
Event: 0.013 loading class 0xb6531320 done
Event: 0.013 loading class 0xb65312f8
Event: 0.013 loading class 0xb6551248
Event: 0.013 loading class 0xb6551248 done
Event: 0.013 loading class 0xb6551280
Event: 0.013 loading class 0xb6551280 done
Event: 0.013 loading class 0xb65512b8
Event: 0.013 loading class 0xb65512b8 done
Event: 0.013 loading class 0xb65312f8 done


Dynamic libraries:
08048000-08049000 r-xp 00000000 08:05 1228747    /usr/lib/jvm/java-7-openjdk-i386/jre/bin/java
08049000-0804a000 r--p 00000000 08:05 1228747    /usr/lib/jvm/java-7-openjdk-i386/jre/bin/java
0804a000-0804b000 rw-p 00001000 08:05 1228747    /usr/lib/jvm/java-7-openjdk-i386/jre/bin/java
0889d000-088be000 rw-p 00000000 00:00 0          [heap]
67bfa000-67cc0000 r--s 0116f000 08:05 4376217    /home/lsliwko/adt-bundle-linux-x86/sdk/platforms/android-17/android.jar
67cc0000-6ac00000 rw-p 00000000 00:00 0 
6ac00000-6ac21000 rw-p 00000000 00:00 0 
6ac21000-6ad00000 ---p 00000000 00:00 0 
6ad7f000-6ad80000 ---p 00000000 00:00 0 
6ad80000-6ae00000 rw-p 00000000 00:00 0 
6ae00000-6ae21000 rw-p 00000000 00:00 0 
6ae21000-6af00000 ---p 00000000 00:00 0 
6af44000-6af68000 rw-p 00000000 00:00 0 
6af68000-6af69000 ---p 00000000 00:00 0 
6af69000-6aff1000 rw-p 00000000 00:00 0 
6aff1000-6b029000 rw-p 00000000 00:00 0 
6b029000-6b03f000 rw-p 00000000 00:00 0 
6b03f000-6b17f000 rw-p 00000000 00:00 0 
6b17f000-6b187000 rw-p 00000000 00:00 0 
6b187000-6b1bf000 rw-p 00000000 00:00 0 
6b1bf000-6b1d5000 rw-p 00000000 00:00 0 
6b1d5000-6b314000 rw-p 00000000 00:00 0 
6b314000-6b31f000 rw-p 00000000 00:00 0 
6b31f000-6b3bf000 rw-p 00000000 00:00 0 
6b3bf000-6c3c0000 rw-p 00000000 00:00 0 
6c3c0000-733c0000 rw-p 00000000 00:00 0 
733c0000-75e70000 rw-p 00000000 00:00 0 
75e70000-9de70000 rw-p 00000000 00:00 0 
9de70000-9f3c0000 rw-p 00000000 00:00 0 
9f3c0000-b33c0000 rw-p 00000000 00:00 0 
b33ce000-b33d7000 rw-p 00000000 00:00 0 
b33d7000-b348e000 rw-p 00000000 00:00 0 
b348e000-b36ce000 rwxp 00000000 00:00 0 
b36ce000-b648e000 rw-p 00000000 00:00 0 
b648e000-b6499000 r-xp 00000000 08:05 407185     /lib/i386-linux-gnu/libnss_files-2.15.so
b6499000-b649a000 r--p 0000a000 08:05 407185     /lib/i386-linux-gnu/libnss_files-2.15.so
b649a000-b649b000 rw-p 0000b000 08:05 407185     /lib/i386-linux-gnu/libnss_files-2.15.so
b649b000-b64a5000 r-xp 00000000 08:05 407189     /lib/i386-linux-gnu/libnss_nis-2.15.so
b64a5000-b64a6000 r--p 00009000 08:05 407189     /lib/i386-linux-gnu/libnss_nis-2.15.so
b64a6000-b64a7000 rw-p 0000a000 08:05 407189     /lib/i386-linux-gnu/libnss_nis-2.15.so
b64a7000-b64bd000 r-xp 00000000 08:05 407201     /lib/i386-linux-gnu/libnsl-2.15.so
b64bd000-b64be000 r--p 00015000 08:05 407201     /lib/i386-linux-gnu/libnsl-2.15.so
b64be000-b64bf000 rw-p 00016000 08:05 407201     /lib/i386-linux-gnu/libnsl-2.15.so
b64bf000-b64c1000 rw-p 00000000 00:00 0 
b64cd000-b64d5000 r-xp 00000000 08:05 1228732    /usr/lib/jvm/java-7-openjdk-i386/jre/lib/i386/libzip.so
b64d5000-b64d6000 r--p 00007000 08:05 1228732    /usr/lib/jvm/java-7-openjdk-i386/jre/lib/i386/libzip.so
b64d6000-b64d7000 rw-p 00008000 08:05 1228732    /usr/lib/jvm/java-7-openjdk-i386/jre/lib/i386/libzip.so
b64d7000-b64fe000 r-xp 00000000 08:05 1228713    /usr/lib/jvm/java-7-openjdk-i386/jre/lib/i386/libjava.so
b64fe000-b64ff000 r--p 00026000 08:05 1228713    /usr/lib/jvm/java-7-openjdk-i386/jre/lib/i386/libjava.so
b64ff000-b6500000 rw-p 00027000 08:05 1228713    /usr/lib/jvm/java-7-openjdk-i386/jre/lib/i386/libjava.so
b6500000-b6554000 rw-p 00000000 00:00 0 
b6554000-b6600000 ---p 00000000 00:00 0 
b6603000-b660b000 rw-s 00000000 08:05 5636176    /tmp/hsperfdata_lsliwko/7342
b660b000-b6612000 r-xp 00000000 08:05 403231     /lib/i386-linux-gnu/libnss_compat-2.15.so
b6612000-b6613000 r--p 00006000 08:05 403231     /lib/i386-linux-gnu/libnss_compat-2.15.so
b6613000-b6614000 rw-p 00007000 08:05 403231     /lib/i386-linux-gnu/libnss_compat-2.15.so
b6614000-b661b000 r-xp 00000000 08:05 407188     /lib/i386-linux-gnu/librt-2.15.so
b661b000-b661c000 r--p 00006000 08:05 407188     /lib/i386-linux-gnu/librt-2.15.so
b661c000-b661d000 rw-p 00007000 08:05 407188     /lib/i386-linux-gnu/librt-2.15.so
b661d000-b6620000 ---p 00000000 00:00 0 
b6620000-b666e000 rw-p 00000000 00:00 0 
b666e000-b668a000 r-xp 00000000 08:05 394164     /lib/i386-linux-gnu/libgcc_s.so.1
b668a000-b668b000 r--p 0001b000 08:05 394164     /lib/i386-linux-gnu/libgcc_s.so.1
b668b000-b668c000 rw-p 0001c000 08:05 394164     /lib/i386-linux-gnu/libgcc_s.so.1
b668c000-b66b6000 r-xp 00000000 08:05 407192     /lib/i386-linux-gnu/libm-2.15.so
b66b6000-b66b7000 r--p 00029000 08:05 407192     /lib/i386-linux-gnu/libm-2.15.so
b66b7000-b66b8000 rw-p 0002a000 08:05 407192     /lib/i386-linux-gnu/libm-2.15.so
b66b8000-b6790000 r-xp 00000000 08:05 660437     /usr/lib/i386-linux-gnu/libstdc++.so.6.0.16
b6790000-b6791000 ---p 000d8000 08:05 660437     /usr/lib/i386-linux-gnu/libstdc++.so.6.0.16
b6791000-b6795000 r--p 000d8000 08:05 660437     /usr/lib/i386-linux-gnu/libstdc++.so.6.0.16
b6795000-b6796000 rw-p 000dc000 08:05 660437     /usr/lib/i386-linux-gnu/libstdc++.so.6.0.16
b6796000-b679d000 rw-p 00000000 00:00 0 
b679d000-b7082000 r-xp 00000000 08:05 1228709    /usr/lib/jvm/java-7-openjdk-i386/jre/lib/i386/server/libjvm.so
b7082000-b70c9000 r--p 008e5000 08:05 1228709    /usr/lib/jvm/java-7-openjdk-i386/jre/lib/i386/server/libjvm.so
b70c9000-b70dd000 rw-p 0092c000 08:05 1228709    /usr/lib/jvm/java-7-openjdk-i386/jre/lib/i386/server/libjvm.so
b70dd000-b74fb000 rw-p 00000000 00:00 0 
b74fb000-b750f000 r-xp 00000000 08:05 394254     /lib/i386-linux-gnu/libz.so.1.2.3.4
b750f000-b7510000 r--p 00013000 08:05 394254     /lib/i386-linux-gnu/libz.so.1.2.3.4
b7510000-b7511000 rw-p 00014000 08:05 394254     /lib/i386-linux-gnu/libz.so.1.2.3.4
b7511000-b7528000 r-xp 00000000 08:05 407190     /lib/i386-linux-gnu/libpthread-2.15.so
b7528000-b7529000 r--p 00016000 08:05 407190     /lib/i386-linux-gnu/libpthread-2.15.so
b7529000-b752a000 rw-p 00017000 08:05 407190     /lib/i386-linux-gnu/libpthread-2.15.so
b752a000-b752c000 rw-p 00000000 00:00 0 
b752c000-b752f000 r-xp 00000000 08:05 407196     /lib/i386-linux-gnu/libdl-2.15.so
b752f000-b7530000 r--p 00002000 08:05 407196     /lib/i386-linux-gnu/libdl-2.15.so
b7530000-b7531000 rw-p 00003000 08:05 407196     /lib/i386-linux-gnu/libdl-2.15.so
b7531000-b76d4000 r-xp 00000000 08:05 393517     /lib/i386-linux-gnu/libc-2.15.so
b76d4000-b76d6000 r--p 001a3000 08:05 393517     /lib/i386-linux-gnu/libc-2.15.so
b76d6000-b76d7000 rw-p 001a5000 08:05 393517     /lib/i386-linux-gnu/libc-2.15.so
b76d7000-b76da000 rw-p 00000000 00:00 0 
b76e0000-b76e1000 rw-p 00000000 00:00 0 
b76e1000-b76e2000 r--p 00000000 00:00 0 
b76e2000-b76ee000 r-xp 00000000 08:05 1228723    /usr/lib/jvm/java-7-openjdk-i386/jre/lib/i386/libverify.so
b76ee000-b76ef000 r--p 0000b000 08:05 1228723    /usr/lib/jvm/java-7-openjdk-i386/jre/lib/i386/libverify.so
b76ef000-b76f0000 rw-p 0000c000 08:05 1228723    /usr/lib/jvm/java-7-openjdk-i386/jre/lib/i386/libverify.so
b76f0000-b76fd000 r-xp 00000000 08:05 1228714    /usr/lib/jvm/java-7-openjdk-i386/jre/lib/i386/jli/libjli.so
b76fd000-b76fe000 r--p 0000c000 08:05 1228714    /usr/lib/jvm/java-7-openjdk-i386/jre/lib/i386/jli/libjli.so
b76fe000-b76ff000 rw-p 0000d000 08:05 1228714    /usr/lib/jvm/java-7-openjdk-i386/jre/lib/i386/jli/libjli.so
b76ff000-b7702000 rw-p 00000000 00:00 0 
b7702000-b7703000 r-xp 00000000 00:00 0          [vdso]
b7703000-b7723000 r-xp 00000000 08:05 407193     /lib/i386-linux-gnu/ld-2.15.so
b7723000-b7724000 r--p 0001f000 08:05 407193     /lib/i386-linux-gnu/ld-2.15.so
b7724000-b7725000 rw-p 00020000 08:05 407193     /lib/i386-linux-gnu/ld-2.15.so
bf7e5000-bf806000 rw-p 00000000 00:00 0          [stack]

VM Arguments:
jvm_args: -Dfile.encoding=UTF-8 -Xbootclasspath:/home/lsliwko/adt-bundle-linux-x86/sdk/platforms/android-17/android.jar 
java_command: com.axisapplications.dressme.activity.CaptureCodeActivity
Launcher Type: SUN_STANDARD

Environment Variables:
PATH=/usr/lib/lightdm/lightdm:/usr/local/sbin:/usr/local/bin:/usr/sbin:/usr/bin:/sbin:/bin:/usr/games
LD_LIBRARY_PATH=/usr/lib/jvm/java-7-openjdk-i386/jre/lib/i386/server:/usr/lib/jvm/java-7-openjdk-i386/jre/lib/i386:/usr/lib/jvm/java-7-openjdk-i386/jre/../lib/i386:/usr/lib/jvm/java-7-openjdk-i386/jre/lib/i386/client:/usr/lib/jvm/java-7-openjdk-i386/jre/lib/i386:
SHELL=/bin/bash
DISPLAY=:0.0

Signal Handlers:
SIGSEGV: [libjvm.so+0x756900], sa_mask[0]=0x7ffbfeff, sa_flags=0x10000004
SIGBUS: [libjvm.so+0x756900], sa_mask[0]=0x7ffbfeff, sa_flags=0x10000004
SIGFPE: [libjvm.so+0x5eb350], sa_mask[0]=0x7ffbfeff, sa_flags=0x10000004
SIGPIPE: [libjvm.so+0x5eb350], sa_mask[0]=0x7ffbfeff, sa_flags=0x10000004
SIGXFSZ: [libjvm.so+0x5eb350], sa_mask[0]=0x7ffbfeff, sa_flags=0x10000004
SIGILL: [libjvm.so+0x5eb350], sa_mask[0]=0x7ffbfeff, sa_flags=0x10000004
SIGUSR1: SIG_DFL, sa_mask[0]=0x00000000, sa_flags=0x00000000
SIGUSR2: [libjvm.so+0x5eb1e0], sa_mask[0]=0x00000004, sa_flags=0x10000004
SIGHUP: SIG_DFL, sa_mask[0]=0x00000000, sa_flags=0x00000000
SIGINT: SIG_DFL, sa_mask[0]=0x00000000, sa_flags=0x00000000
SIGTERM: SIG_DFL, sa_mask[0]=0x00000000, sa_flags=0x00000000
SIGQUIT: SIG_DFL, sa_mask[0]=0x00000000, sa_flags=0x00000000


---------------  S Y S T E M  ---------------

OS:Ubuntu 12.04 (precise)
uname:Linux 3.2.0-49-generic-pae #75-Ubuntu SMP Tue Jun 18 18:00:21 UTC 2013 i686
libc:glibc 2.15 NPTL 2.15 
rlimit: STACK 8192k, CORE 0k, NPROC 128208, NOFILE 4096, AS infinity
load average:1.92 1.85 1.25

/proc/meminfo:
MemTotal:       16425296 kB
MemFree:          446700 kB
Buffers:          280132 kB
Cached:         12204760 kB
SwapCached:           24 kB
Active:          4625852 kB
Inactive:        9891016 kB
Active(anon):    1839532 kB
Inactive(anon):   214372 kB
Active(file):    2786320 kB
Inactive(file):  9676644 kB
Unevictable:           0 kB
Mlocked:               0 kB
HighTotal:      15730692 kB
HighFree:         340928 kB
LowTotal:         694604 kB
LowFree:          105772 kB
SwapTotal:       7811068 kB
SwapFree:        7810616 kB
Dirty:             19320 kB
Writeback:             0 kB
AnonPages:       2032172 kB
Mapped:          1385072 kB
Shmem:             21892 kB
Slab:             282428 kB
SReclaimable:     254292 kB
SUnreclaim:        28136 kB
KernelStack:        4680 kB
PageTables:        19224 kB
NFS_Unstable:          0 kB
Bounce:                0 kB
WritebackTmp:          0 kB
CommitLimit:    16023716 kB
Committed_AS:    6684176 kB
VmallocTotal:     122880 kB
VmallocUsed:       28812 kB
VmallocChunk:      76292 kB
HardwareCorrupted:     0 kB
AnonHugePages:         0 kB
HugePages_Total:       0
HugePages_Free:        0
HugePages_Rsvd:        0
HugePages_Surp:        0
Hugepagesize:       2048 kB
DirectMap4k:        8184 kB
DirectMap2M:      905216 kB


CPU:total 2 (2 cores per cpu, 1 threads per core) family 6 model 23 stepping 10, cmov, cx8, fxsr, mmx, sse, sse2, sse3, ssse3, sse4.1, tsc

/proc/cpuinfo:
processor	: 0
vendor_id	: GenuineIntel
cpu family	: 6
model		: 23
model name	: Intel(R) Core(TM)2 Duo CPU     E7500  @ 2.93GHz
stepping	: 10
microcode	: 0xa07
cpu MHz		: 2933.000
cache size	: 3072 KB
physical id	: 0
siblings	: 2
core id		: 0
cpu cores	: 2
apicid		: 0
initial apicid	: 0
fdiv_bug	: no
hlt_bug		: no
f00f_bug	: no
coma_bug	: no
fpu		: yes
fpu_exception	: yes
cpuid level	: 13
wp		: yes
flags		: fpu vme de pse tsc msr pae mce cx8 apic sep mtrr pge mca cmov pat pse36 clflush dts acpi mmx fxsr sse sse2 ss ht tm pbe nx lm constant_tsc arch_perfmon pebs bts aperfmperf pni dtes64 monitor ds_cpl vmx est tm2 ssse3 cx16 xtpr pdcm sse4_1 xsave lahf_lm dtherm tpr_shadow vnmi flexpriority
bogomips	: 5852.00
clflush size	: 64
cache_alignment	: 64
address sizes	: 36 bits physical, 48 bits virtual
power management:

processor	: 1
vendor_id	: GenuineIntel
cpu family	: 6
model		: 23
model name	: Intel(R) Core(TM)2 Duo CPU     E7500  @ 2.93GHz
stepping	: 10
microcode	: 0xa07
cpu MHz		: 2933.000
cache size	: 3072 KB
physical id	: 0
siblings	: 2
core id		: 1
cpu cores	: 2
apicid		: 1
initial apicid	: 1
fdiv_bug	: no
hlt_bug		: no
f00f_bug	: no
coma_bug	: no
fpu		: yes
fpu_exception	: yes
cpuid level	: 13
wp		: yes
flags		: fpu vme de pse tsc msr pae mce cx8 apic sep mtrr pge mca cmov pat pse36 clflush dts acpi mmx fxsr sse sse2 ss ht tm pbe nx lm constant_tsc arch_perfmon pebs bts aperfmperf pni dtes64 monitor ds_cpl vmx est tm2 ssse3 cx16 xtpr pdcm sse4_1 xsave lahf_lm dtherm tpr_shadow vnmi flexpriority
bogomips	: 5851.95
clflush size	: 64
cache_alignment	: 64
address sizes	: 36 bits physical, 48 bits virtual
power management:



Memory: 4k page, physical 16425296k(446700k free), swap 7811068k(7810616k free)

vm_info: OpenJDK Server VM (23.7-b01) for linux-x86 JRE (1.7.0_25-b30), built on Jul 15 2013 20:45:25 by "buildd" with gcc 4.6.3

time: Tue Aug 13 14:15:26 2013
elapsed time: 0 seconds

